CRITICAL - 2023-03-09 03:17:08 --> The framework needs the following extension(s) installed and loaded: intl.
in SYSTEMPATH\CodeIgniter.php on line 226.
 1 SYSTEMPATH\CodeIgniter.php(226): CodeIgniter\Exceptions\FrameworkException::forMissingExtension('intl')
 2 SYSTEMPATH\CodeIgniter.php(190): CodeIgniter\CodeIgniter->resolvePlatformExtensions()
 3 FCPATH\index.php(55): CodeIgniter\CodeIgniter->initialize()
CRITICAL - 2023-03-09 03:18:03 --> The framework needs the following extension(s) installed and loaded: intl.
in SYSTEMPATH\CodeIgniter.php on line 226.
 1 SYSTEMPATH\CodeIgniter.php(226): CodeIgniter\Exceptions\FrameworkException::forMissingExtension('intl')
 2 SYSTEMPATH\CodeIgniter.php(190): CodeIgniter\CodeIgniter->resolvePlatformExtensions()
 3 FCPATH\index.php(55): CodeIgniter\CodeIgniter->initialize()
CRITICAL - 2023-03-09 03:27:37 --> The framework needs the following extension(s) installed and loaded: intl.
in SYSTEMPATH\CodeIgniter.php on line 226.
 1 SYSTEMPATH\CodeIgniter.php(226): CodeIgniter\Exceptions\FrameworkException::forMissingExtension('intl')
 2 SYSTEMPATH\CodeIgniter.php(190): CodeIgniter\CodeIgniter->resolvePlatformExtensions()
 3 FCPATH\index.php(55): CodeIgniter\CodeIgniter->initialize()
CRITICAL - 2023-03-09 03:27:37 --> The framework needs the following extension(s) installed and loaded: intl.
in SYSTEMPATH\CodeIgniter.php on line 226.
 1 SYSTEMPATH\CodeIgniter.php(226): CodeIgniter\Exceptions\FrameworkException::forMissingExtension('intl')
 2 SYSTEMPATH\CodeIgniter.php(190): CodeIgniter\CodeIgniter->resolvePlatformExtensions()
 3 FCPATH\index.php(55): CodeIgniter\CodeIgniter->initialize()
CRITICAL - 2023-03-09 03:27:41 --> The framework needs the following extension(s) installed and loaded: intl.
in SYSTEMPATH\CodeIgniter.php on line 226.
 1 SYSTEMPATH\CodeIgniter.php(226): CodeIgniter\Exceptions\FrameworkException::forMissingExtension('intl')
 2 SYSTEMPATH\CodeIgniter.php(190): CodeIgniter\CodeIgniter->resolvePlatformExtensions()
 3 FCPATH\index.php(55): CodeIgniter\CodeIgniter->initialize()
CRITICAL - 2023-03-09 03:27:45 --> The framework needs the following extension(s) installed and loaded: intl.
in SYSTEMPATH\CodeIgniter.php on line 226.
 1 SYSTEMPATH\CodeIgniter.php(226): CodeIgniter\Exceptions\FrameworkException::forMissingExtension('intl')
 2 SYSTEMPATH\CodeIgniter.php(190): CodeIgniter\CodeIgniter->resolvePlatformExtensions()
 3 FCPATH\index.php(55): CodeIgniter\CodeIgniter->initialize()
CRITICAL - 2023-03-09 03:27:46 --> The framework needs the following extension(s) installed and loaded: intl.
in SYSTEMPATH\CodeIgniter.php on line 226.
 1 SYSTEMPATH\CodeIgniter.php(226): CodeIgniter\Exceptions\FrameworkException::forMissingExtension('intl')
 2 SYSTEMPATH\CodeIgniter.php(190): CodeIgniter\CodeIgniter->resolvePlatformExtensions()
 3 FCPATH\index.php(55): CodeIgniter\CodeIgniter->initialize()
CRITICAL - 2023-03-09 03:27:48 --> The framework needs the following extension(s) installed and loaded: intl.
in SYSTEMPATH\CodeIgniter.php on line 226.
 1 SYSTEMPATH\CodeIgniter.php(226): CodeIgniter\Exceptions\FrameworkException::forMissingExtension('intl')
 2 SYSTEMPATH\CodeIgniter.php(190): CodeIgniter\CodeIgniter->resolvePlatformExtensions()
 3 FCPATH\index.php(55): CodeIgniter\CodeIgniter->initialize()
CRITICAL - 2023-03-09 03:30:16 --> The framework needs the following extension(s) installed and loaded: intl.
in SYSTEMPATH\CodeIgniter.php on line 226.
 1 SYSTEMPATH\CodeIgniter.php(226): CodeIgniter\Exceptions\FrameworkException::forMissingExtension('intl')
 2 SYSTEMPATH\CodeIgniter.php(190): CodeIgniter\CodeIgniter->resolvePlatformExtensions()
 3 FCPATH\index.php(55): CodeIgniter\CodeIgniter->initialize()
CRITICAL - 2023-03-09 03:30:17 --> The framework needs the following extension(s) installed and loaded: intl.
in SYSTEMPATH\CodeIgniter.php on line 226.
 1 SYSTEMPATH\CodeIgniter.php(226): CodeIgniter\Exceptions\FrameworkException::forMissingExtension('intl')
 2 SYSTEMPATH\CodeIgniter.php(190): CodeIgniter\CodeIgniter->resolvePlatformExtensions()
 3 FCPATH\index.php(55): CodeIgniter\CodeIgniter->initialize()
CRITICAL - 2023-03-09 03:30:17 --> The framework needs the following extension(s) installed and loaded: intl.
in SYSTEMPATH\CodeIgniter.php on line 226.
 1 SYSTEMPATH\CodeIgniter.php(226): CodeIgniter\Exceptions\FrameworkException::forMissingExtension('intl')
 2 SYSTEMPATH\CodeIgniter.php(190): CodeIgniter\CodeIgniter->resolvePlatformExtensions()
 3 FCPATH\index.php(55): CodeIgniter\CodeIgniter->initialize()
CRITICAL - 2023-03-09 03:30:17 --> The framework needs the following extension(s) installed and loaded: intl.
in SYSTEMPATH\CodeIgniter.php on line 226.
 1 SYSTEMPATH\CodeIgniter.php(226): CodeIgniter\Exceptions\FrameworkException::forMissingExtension('intl')
 2 SYSTEMPATH\CodeIgniter.php(190): CodeIgniter\CodeIgniter->resolvePlatformExtensions()
 3 FCPATH\index.php(55): CodeIgniter\CodeIgniter->initialize()
CRITICAL - 2023-03-09 03:30:17 --> The framework needs the following extension(s) installed and loaded: intl.
in SYSTEMPATH\CodeIgniter.php on line 226.
 1 SYSTEMPATH\CodeIgniter.php(226): CodeIgniter\Exceptions\FrameworkException::forMissingExtension('intl')
 2 SYSTEMPATH\CodeIgniter.php(190): CodeIgniter\CodeIgniter->resolvePlatformExtensions()
 3 FCPATH\index.php(55): CodeIgniter\CodeIgniter->initialize()
CRITICAL - 2023-03-09 03:30:18 --> The framework needs the following extension(s) installed and loaded: intl.
in SYSTEMPATH\CodeIgniter.php on line 226.
 1 SYSTEMPATH\CodeIgniter.php(226): CodeIgniter\Exceptions\FrameworkException::forMissingExtension('intl')
 2 SYSTEMPATH\CodeIgniter.php(190): CodeIgniter\CodeIgniter->resolvePlatformExtensions()
 3 FCPATH\index.php(55): CodeIgniter\CodeIgniter->initialize()
CRITICAL - 2023-03-09 03:30:18 --> The framework needs the following extension(s) installed and loaded: intl.
in SYSTEMPATH\CodeIgniter.php on line 226.
 1 SYSTEMPATH\CodeIgniter.php(226): CodeIgniter\Exceptions\FrameworkException::forMissingExtension('intl')
 2 SYSTEMPATH\CodeIgniter.php(190): CodeIgniter\CodeIgniter->resolvePlatformExtensions()
 3 FCPATH\index.php(55): CodeIgniter\CodeIgniter->initialize()
CRITICAL - 2023-03-09 03:30:18 --> The framework needs the following extension(s) installed and loaded: intl.
in SYSTEMPATH\CodeIgniter.php on line 226.
 1 SYSTEMPATH\CodeIgniter.php(226): CodeIgniter\Exceptions\FrameworkException::forMissingExtension('intl')
 2 SYSTEMPATH\CodeIgniter.php(190): CodeIgniter\CodeIgniter->resolvePlatformExtensions()
 3 FCPATH\index.php(55): CodeIgniter\CodeIgniter->initialize()
CRITICAL - 2023-03-09 03:30:18 --> The framework needs the following extension(s) installed and loaded: intl.
in SYSTEMPATH\CodeIgniter.php on line 226.
 1 SYSTEMPATH\CodeIgniter.php(226): CodeIgniter\Exceptions\FrameworkException::forMissingExtension('intl')
 2 SYSTEMPATH\CodeIgniter.php(190): CodeIgniter\CodeIgniter->resolvePlatformExtensions()
 3 FCPATH\index.php(55): CodeIgniter\CodeIgniter->initialize()
CRITICAL - 2023-03-09 02:50:09 --> could not find driver
in APPPATH\Models\OracleModel.php on line 10.
 1 APPPATH\Models\OracleModel.php(10): PDO->__construct('oci:dbname=PREMIUM/xe', 'username', 'password')
 2 APPPATH\Controllers\Home.php(11): App\Models\OracleModel->__construct()
 3 SYSTEMPATH\CodeIgniter.php(906): App\Controllers\Home->__construct()
 4 SYSTEMPATH\CodeIgniter.php(490): CodeIgniter\CodeIgniter->createController()
 5 SYSTEMPATH\CodeIgniter.php(368): CodeIgniter\CodeIgniter->handleRequest(null, Object(Config\Cache), false)
 6 FCPATH\index.php(67): CodeIgniter\CodeIgniter->run()
CRITICAL - 2023-03-09 02:51:03 --> could not find driver
in APPPATH\Models\OracleModel.php on line 10.
 1 APPPATH\Models\OracleModel.php(10): PDO->__construct('oci:dbname=PREMIUM/xe', 'username', 'password')
 2 APPPATH\Controllers\Home.php(11): App\Models\OracleModel->__construct()
 3 SYSTEMPATH\CodeIgniter.php(906): App\Controllers\Home->__construct()
 4 SYSTEMPATH\CodeIgniter.php(490): CodeIgniter\CodeIgniter->createController()
 5 SYSTEMPATH\CodeIgniter.php(368): CodeIgniter\CodeIgniter->handleRequest(null, Object(Config\Cache), false)
 6 FCPATH\index.php(67): CodeIgniter\CodeIgniter->run()
CRITICAL - 2023-03-09 02:51:13 --> could not find driver
in APPPATH\Models\OracleModel.php on line 10.
 1 APPPATH\Models\OracleModel.php(10): PDO->__construct('oci:dbname=PREMIUM/xe', 'username', 'password')
 2 APPPATH\Controllers\Home.php(11): App\Models\OracleModel->__construct()
 3 SYSTEMPATH\CodeIgniter.php(906): App\Controllers\Home->__construct()
 4 SYSTEMPATH\CodeIgniter.php(490): CodeIgniter\CodeIgniter->createController()
 5 SYSTEMPATH\CodeIgniter.php(368): CodeIgniter\CodeIgniter->handleRequest(null, Object(Config\Cache), false)
 6 FCPATH\index.php(67): CodeIgniter\CodeIgniter->run()
CRITICAL - 2023-03-09 02:51:14 --> could not find driver
in APPPATH\Models\OracleModel.php on line 10.
 1 APPPATH\Models\OracleModel.php(10): PDO->__construct('oci:dbname=PREMIUM/xe', 'username', 'password')
 2 APPPATH\Controllers\Home.php(11): App\Models\OracleModel->__construct()
 3 SYSTEMPATH\CodeIgniter.php(906): App\Controllers\Home->__construct()
 4 SYSTEMPATH\CodeIgniter.php(490): CodeIgniter\CodeIgniter->createController()
 5 SYSTEMPATH\CodeIgniter.php(368): CodeIgniter\CodeIgniter->handleRequest(null, Object(Config\Cache), false)
 6 FCPATH\index.php(67): CodeIgniter\CodeIgniter->run()
CRITICAL - 2023-03-09 02:51:19 --> could not find driver
in APPPATH\Models\OracleModel.php on line 10.
 1 APPPATH\Models\OracleModel.php(10): PDO->__construct('oci:dbname=PREMIUM/xe', 'username', 'password')
 2 APPPATH\Controllers\Home.php(11): App\Models\OracleModel->__construct()
 3 SYSTEMPATH\CodeIgniter.php(906): App\Controllers\Home->__construct()
 4 SYSTEMPATH\CodeIgniter.php(490): CodeIgniter\CodeIgniter->createController()
 5 SYSTEMPATH\CodeIgniter.php(368): CodeIgniter\CodeIgniter->handleRequest(null, Object(Config\Cache), false)
 6 FCPATH\index.php(67): CodeIgniter\CodeIgniter->run()
CRITICAL - 2023-03-09 02:53:53 --> could not find driver
in APPPATH\Models\OracleModel.php on line 10.
 1 APPPATH\Models\OracleModel.php(10): PDO->__construct('oci:dbname=PREMIUM/xe', 'username', 'password')
 2 APPPATH\Controllers\Home.php(11): App\Models\OracleModel->__construct()
 3 SYSTEMPATH\CodeIgniter.php(906): App\Controllers\Home->__construct()
 4 SYSTEMPATH\CodeIgniter.php(490): CodeIgniter\CodeIgniter->createController()
 5 SYSTEMPATH\CodeIgniter.php(368): CodeIgniter\CodeIgniter->handleRequest(null, Object(Config\Cache), false)
 6 FCPATH\index.php(67): CodeIgniter\CodeIgniter->run()
CRITICAL - 2023-03-09 02:55:39 --> could not find driver
in APPPATH\Models\OracleModel.php on line 10.
 1 APPPATH\Models\OracleModel.php(10): PDO->__construct('oci:dbname=PREMIUM/xe', 'username', 'password')
 2 APPPATH\Controllers\Home.php(11): App\Models\OracleModel->__construct()
 3 SYSTEMPATH\CodeIgniter.php(906): App\Controllers\Home->__construct()
 4 SYSTEMPATH\CodeIgniter.php(490): CodeIgniter\CodeIgniter->createController()
 5 SYSTEMPATH\CodeIgniter.php(368): CodeIgniter\CodeIgniter->handleRequest(null, Object(Config\Cache), false)
 6 FCPATH\index.php(67): CodeIgniter\CodeIgniter->run()
CRITICAL - 2023-03-09 02:55:40 --> could not find driver
in APPPATH\Models\OracleModel.php on line 10.
 1 APPPATH\Models\OracleModel.php(10): PDO->__construct('oci:dbname=PREMIUM/xe', 'username', 'password')
 2 APPPATH\Controllers\Home.php(11): App\Models\OracleModel->__construct()
 3 SYSTEMPATH\CodeIgniter.php(906): App\Controllers\Home->__construct()
 4 SYSTEMPATH\CodeIgniter.php(490): CodeIgniter\CodeIgniter->createController()
 5 SYSTEMPATH\CodeIgniter.php(368): CodeIgniter\CodeIgniter->handleRequest(null, Object(Config\Cache), false)
 6 FCPATH\index.php(67): CodeIgniter\CodeIgniter->run()
CRITICAL - 2023-03-09 02:57:25 --> could not find driver
in APPPATH\Models\OracleModel.php on line 10.
 1 APPPATH\Models\OracleModel.php(10): PDO->__construct('oci:dbname=PREMIUM/xe', 'username', 'password')
 2 APPPATH\Controllers\Home.php(11): App\Models\OracleModel->__construct()
 3 SYSTEMPATH\CodeIgniter.php(906): App\Controllers\Home->__construct()
 4 SYSTEMPATH\CodeIgniter.php(490): CodeIgniter\CodeIgniter->createController()
 5 SYSTEMPATH\CodeIgniter.php(368): CodeIgniter\CodeIgniter->handleRequest(null, Object(Config\Cache), false)
 6 FCPATH\index.php(67): CodeIgniter\CodeIgniter->run()
CRITICAL - 2023-03-09 02:59:17 --> could not find driver
in APPPATH\Models\OracleModel.php on line 10.
 1 APPPATH\Models\OracleModel.php(10): PDO->__construct('oci:dbname=localhost/xe', 'PREMIUM', 'pinguirey1')
 2 APPPATH\Controllers\Home.php(11): App\Models\OracleModel->__construct()
 3 SYSTEMPATH\CodeIgniter.php(906): App\Controllers\Home->__construct()
 4 SYSTEMPATH\CodeIgniter.php(490): CodeIgniter\CodeIgniter->createController()
 5 SYSTEMPATH\CodeIgniter.php(368): CodeIgniter\CodeIgniter->handleRequest(null, Object(Config\Cache), false)
 6 FCPATH\index.php(67): CodeIgniter\CodeIgniter->run()
CRITICAL - 2023-03-09 02:59:18 --> could not find driver
in APPPATH\Models\OracleModel.php on line 10.
 1 APPPATH\Models\OracleModel.php(10): PDO->__construct('oci:dbname=localhost/xe', 'PREMIUM', 'pinguirey1')
 2 APPPATH\Controllers\Home.php(11): App\Models\OracleModel->__construct()
 3 SYSTEMPATH\CodeIgniter.php(906): App\Controllers\Home->__construct()
 4 SYSTEMPATH\CodeIgniter.php(490): CodeIgniter\CodeIgniter->createController()
 5 SYSTEMPATH\CodeIgniter.php(368): CodeIgniter\CodeIgniter->handleRequest(null, Object(Config\Cache), false)
 6 FCPATH\index.php(67): CodeIgniter\CodeIgniter->run()
CRITICAL - 2023-03-09 02:59:19 --> could not find driver
in APPPATH\Models\OracleModel.php on line 10.
 1 APPPATH\Models\OracleModel.php(10): PDO->__construct('oci:dbname=localhost/xe', 'PREMIUM', 'pinguirey1')
 2 APPPATH\Controllers\Home.php(11): App\Models\OracleModel->__construct()
 3 SYSTEMPATH\CodeIgniter.php(906): App\Controllers\Home->__construct()
 4 SYSTEMPATH\CodeIgniter.php(490): CodeIgniter\CodeIgniter->createController()
 5 SYSTEMPATH\CodeIgniter.php(368): CodeIgniter\CodeIgniter->handleRequest(null, Object(Config\Cache), false)
 6 FCPATH\index.php(67): CodeIgniter\CodeIgniter->run()
CRITICAL - 2023-03-09 03:01:09 --> Call to a member function prepare() on resource
in APPPATH\Models\OracleModel.php on line 15.
 1 APPPATH\Controllers\Home.php(15): App\Models\OracleModel->getAll()
 2 SYSTEMPATH\CodeIgniter.php(934): App\Controllers\Home->index()
 3 SYSTEMPATH\CodeIgniter.php(499): CodeIgniter\CodeIgniter->runController(Object(App\Controllers\Home))
 4 SYSTEMPATH\CodeIgniter.php(368): CodeIgniter\CodeIgniter->handleRequest(null, Object(Config\Cache), false)
 5 FCPATH\index.php(67): CodeIgniter\CodeIgniter->run()
CRITICAL - 2023-03-09 04:07:52 --> Class 'App\Models\PDO' not found
in APPPATH\Models\OracleModel.php on line 10.
 1 APPPATH\Controllers\Home.php(11): App\Models\OracleModel->__construct()
 2 SYSTEMPATH\CodeIgniter.php(906): App\Controllers\Home->__construct()
 3 SYSTEMPATH\CodeIgniter.php(490): CodeIgniter\CodeIgniter->createController()
 4 SYSTEMPATH\CodeIgniter.php(368): CodeIgniter\CodeIgniter->handleRequest(null, Object(Config\Cache), false)
 5 FCPATH\index.php(67): CodeIgniter\CodeIgniter->run()
CRITICAL - 2023-03-09 04:08:09 --> could not find driver
in APPPATH\Models\OracleModel.php on line 10.
 1 APPPATH\Models\OracleModel.php(10): PDO->__construct('oci:dbname=XE', 'PREMIUM', 'pinguirey1')
 2 APPPATH\Controllers\Home.php(11): App\Models\OracleModel->__construct()
 3 SYSTEMPATH\CodeIgniter.php(906): App\Controllers\Home->__construct()
 4 SYSTEMPATH\CodeIgniter.php(490): CodeIgniter\CodeIgniter->createController()
 5 SYSTEMPATH\CodeIgniter.php(368): CodeIgniter\CodeIgniter->handleRequest(null, Object(Config\Cache), false)
 6 FCPATH\index.php(67): CodeIgniter\CodeIgniter->run()
CRITICAL - 2023-03-09 04:13:01 --> could not find driver
in APPPATH\Models\OracleModel.php on line 10.
 1 APPPATH\Models\OracleModel.php(10): PDO->__construct('oci:dbname=XE', 'PREMIUM', 'pinguirey1')
 2 APPPATH\Controllers\Home.php(11): App\Models\OracleModel->__construct()
 3 SYSTEMPATH\CodeIgniter.php(906): App\Controllers\Home->__construct()
 4 SYSTEMPATH\CodeIgniter.php(490): CodeIgniter\CodeIgniter->createController()
 5 SYSTEMPATH\CodeIgniter.php(368): CodeIgniter\CodeIgniter->handleRequest(null, Object(Config\Cache), false)
 6 FCPATH\index.php(67): CodeIgniter\CodeIgniter->run()
CRITICAL - 2023-03-09 04:14:58 --> could not find driver
in APPPATH\Models\OracleModel.php on line 10.
 1 APPPATH\Models\OracleModel.php(10): PDO->__construct('oci:dbname=XE', 'PREMIUM', 'pinguirey1')
 2 APPPATH\Controllers\Home.php(11): App\Models\OracleModel->__construct()
 3 SYSTEMPATH\CodeIgniter.php(906): App\Controllers\Home->__construct()
 4 SYSTEMPATH\CodeIgniter.php(490): CodeIgniter\CodeIgniter->createController()
 5 SYSTEMPATH\CodeIgniter.php(368): CodeIgniter\CodeIgniter->handleRequest(null, Object(Config\Cache), false)
 6 FCPATH\index.php(67): CodeIgniter\CodeIgniter->run()
CRITICAL - 2023-03-09 04:14:58 --> could not find driver
in APPPATH\Models\OracleModel.php on line 10.
 1 APPPATH\Models\OracleModel.php(10): PDO->__construct('oci:dbname=XE', 'PREMIUM', 'pinguirey1')
 2 APPPATH\Controllers\Home.php(11): App\Models\OracleModel->__construct()
 3 SYSTEMPATH\CodeIgniter.php(906): App\Controllers\Home->__construct()
 4 SYSTEMPATH\CodeIgniter.php(490): CodeIgniter\CodeIgniter->createController()
 5 SYSTEMPATH\CodeIgniter.php(368): CodeIgniter\CodeIgniter->handleRequest(null, Object(Config\Cache), false)
 6 FCPATH\index.php(67): CodeIgniter\CodeIgniter->run()
CRITICAL - 2023-03-09 04:14:59 --> could not find driver
in APPPATH\Models\OracleModel.php on line 10.
 1 APPPATH\Models\OracleModel.php(10): PDO->__construct('oci:dbname=XE', 'PREMIUM', 'pinguirey1')
 2 APPPATH\Controllers\Home.php(11): App\Models\OracleModel->__construct()
 3 SYSTEMPATH\CodeIgniter.php(906): App\Controllers\Home->__construct()
 4 SYSTEMPATH\CodeIgniter.php(490): CodeIgniter\CodeIgniter->createController()
 5 SYSTEMPATH\CodeIgniter.php(368): CodeIgniter\CodeIgniter->handleRequest(null, Object(Config\Cache), false)
 6 FCPATH\index.php(67): CodeIgniter\CodeIgniter->run()
CRITICAL - 2023-03-09 04:14:59 --> could not find driver
in APPPATH\Models\OracleModel.php on line 10.
 1 APPPATH\Models\OracleModel.php(10): PDO->__construct('oci:dbname=XE', 'PREMIUM', 'pinguirey1')
 2 APPPATH\Controllers\Home.php(11): App\Models\OracleModel->__construct()
 3 SYSTEMPATH\CodeIgniter.php(906): App\Controllers\Home->__construct()
 4 SYSTEMPATH\CodeIgniter.php(490): CodeIgniter\CodeIgniter->createController()
 5 SYSTEMPATH\CodeIgniter.php(368): CodeIgniter\CodeIgniter->handleRequest(null, Object(Config\Cache), false)
 6 FCPATH\index.php(67): CodeIgniter\CodeIgniter->run()
CRITICAL - 2023-03-09 04:14:59 --> could not find driver
in APPPATH\Models\OracleModel.php on line 10.
 1 APPPATH\Models\OracleModel.php(10): PDO->__construct('oci:dbname=XE', 'PREMIUM', 'pinguirey1')
 2 APPPATH\Controllers\Home.php(11): App\Models\OracleModel->__construct()
 3 SYSTEMPATH\CodeIgniter.php(906): App\Controllers\Home->__construct()
 4 SYSTEMPATH\CodeIgniter.php(490): CodeIgniter\CodeIgniter->createController()
 5 SYSTEMPATH\CodeIgniter.php(368): CodeIgniter\CodeIgniter->handleRequest(null, Object(Config\Cache), false)
 6 FCPATH\index.php(67): CodeIgniter\CodeIgniter->run()
CRITICAL - 2023-03-09 04:14:59 --> could not find driver
in APPPATH\Models\OracleModel.php on line 10.
 1 APPPATH\Models\OracleModel.php(10): PDO->__construct('oci:dbname=XE', 'PREMIUM', 'pinguirey1')
 2 APPPATH\Controllers\Home.php(11): App\Models\OracleModel->__construct()
 3 SYSTEMPATH\CodeIgniter.php(906): App\Controllers\Home->__construct()
 4 SYSTEMPATH\CodeIgniter.php(490): CodeIgniter\CodeIgniter->createController()
 5 SYSTEMPATH\CodeIgniter.php(368): CodeIgniter\CodeIgniter->handleRequest(null, Object(Config\Cache), false)
 6 FCPATH\index.php(67): CodeIgniter\CodeIgniter->run()
CRITICAL - 2023-03-09 04:15:00 --> could not find driver
in APPPATH\Models\OracleModel.php on line 10.
 1 APPPATH\Models\OracleModel.php(10): PDO->__construct('oci:dbname=XE', 'PREMIUM', 'pinguirey1')
 2 APPPATH\Controllers\Home.php(11): App\Models\OracleModel->__construct()
 3 SYSTEMPATH\CodeIgniter.php(906): App\Controllers\Home->__construct()
 4 SYSTEMPATH\CodeIgniter.php(490): CodeIgniter\CodeIgniter->createController()
 5 SYSTEMPATH\CodeIgniter.php(368): CodeIgniter\CodeIgniter->handleRequest(null, Object(Config\Cache), false)
 6 FCPATH\index.php(67): CodeIgniter\CodeIgniter->run()
CRITICAL - 2023-03-09 04:15:00 --> could not find driver
in APPPATH\Models\OracleModel.php on line 10.
 1 APPPATH\Models\OracleModel.php(10): PDO->__construct('oci:dbname=XE', 'PREMIUM', 'pinguirey1')
 2 APPPATH\Controllers\Home.php(11): App\Models\OracleModel->__construct()
 3 SYSTEMPATH\CodeIgniter.php(906): App\Controllers\Home->__construct()
 4 SYSTEMPATH\CodeIgniter.php(490): CodeIgniter\CodeIgniter->createController()
 5 SYSTEMPATH\CodeIgniter.php(368): CodeIgniter\CodeIgniter->handleRequest(null, Object(Config\Cache), false)
 6 FCPATH\index.php(67): CodeIgniter\CodeIgniter->run()
CRITICAL - 2023-03-09 04:20:54 --> SQLSTATE[HY000]: pdo_oci_handle_factory: ORA-12514: TNS:el listener no conoce actualmente el servicio solicitado en el descriptor de conexión
 (ext\pdo_oci\oci_driver.c:728)
in APPPATH\Models\OracleModel.php on line 10.
 1 APPPATH\Models\OracleModel.php(10): PDO->__construct('oci:dbname=localhost/prueba/xe', 'PREMIUM', 'pinguirey1')
 2 APPPATH\Controllers\Home.php(11): App\Models\OracleModel->__construct()
 3 SYSTEMPATH\CodeIgniter.php(906): App\Controllers\Home->__construct()
 4 SYSTEMPATH\CodeIgniter.php(490): CodeIgniter\CodeIgniter->createController()
 5 SYSTEMPATH\CodeIgniter.php(368): CodeIgniter\CodeIgniter->handleRequest(null, Object(Config\Cache), false)
 6 FCPATH\index.php(67): CodeIgniter\CodeIgniter->run()
